\BOOKMARK [1][-]{section.1}{Introduction}{}% 1
\BOOKMARK [1][-]{section.2}{R Commander}{}% 2
\BOOKMARK [1][-]{section.3}{Other GUI Creation Packages}{}% 3
\BOOKMARK [1][-]{section.4}{Creating a GUI for Rcmdr}{}% 4
\BOOKMARK [2][-]{subsection.4.1}{Menu file}{section.4}% 5
\BOOKMARK [2][-]{subsection.4.2}{.onAttach}{section.4}% 6
\BOOKMARK [2][-]{subsection.4.3}{DESCRIPTION and NAMESPACE File}{section.4}% 7
\BOOKMARK [2][-]{subsection.4.4}{Active Data in Rcmdr}{section.4}% 8
\BOOKMARK [1][-]{section.5}{Script Templates Guide}{}% 9
\BOOKMARK [2][-]{subsection.5.1}{General Script}{section.5}% 10
\BOOKMARK [3][-]{subsubsection.5.1.1}{General Window Information}{subsection.5.1}% 11
\BOOKMARK [3][-]{subsubsection.5.1.2}{Making a Tab}{subsection.5.1}% 12
\BOOKMARK [2][-]{subsection.5.2}{Frame Scripts}{section.5}% 13
\BOOKMARK [2][-]{subsection.5.3}{Example Script - Plaid Biclustering}{section.5}% 14
\BOOKMARK [2][-]{subsection.5.4}{Testing your windows}{section.5}% 15
\BOOKMARK [2][-]{subsection.5.5}{Advanced Techniques}{section.5}% 16
\BOOKMARK [3][-]{subsubsection.5.5.1}{Using doItAndPrint\(\) and justDoIt\(\)}{subsection.5.5}% 17
\BOOKMARK [3][-]{subsubsection.5.5.2}{Window Environments}{subsection.5.5}% 18
\BOOKMARK [2][-]{subsection.5.6}{Extra Functions}{section.5}% 19
\BOOKMARK [3][-]{subsubsection.5.6.1}{Save Function}{subsection.5.6}% 20
\BOOKMARK [3][-]{subsubsection.5.6.2}{Load Function}{subsection.5.6}% 21
\BOOKMARK [1][-]{section.6}{Appendix}{}% 22
\BOOKMARK [2][-]{subsection.6.1}{.onAttach-function}{section.6}% 23
\BOOKMARK [2][-]{subsection.6.2}{General Script}{section.6}% 24
\BOOKMARK [2][-]{subsection.6.3}{Frame Scripts}{section.6}% 25
\BOOKMARK [2][-]{subsection.6.4}{Example Script}{section.6}% 26
\BOOKMARK [2][-]{subsection.6.5}{Window Environment Example}{section.6}% 27
