This is pdfTeX, Version 3.1415926-2.5-1.40.14 (MiKTeX 2.9 64-bit) (preloaded format=pdflatex 2014.2.18)  12 MAR 2015 01:03
entering extended mode
**E:/StatFiles/CenStat/R*Development/GeneralGUI_Template/REST/vignettes/RESTgui
de.tex

("E:/StatFiles/CenStat/R Development/GeneralGUI_Template/REST/vignettes/RESTgui
de.tex"
LaTeX2e <2011/06/27>
Babel <v3.8m> and hyphenation patterns for english, afrikaans, ancientgreek, ar
abic, armenian, assamese, basque, bengali, bokmal, bulgarian, catalan, coptic, 
croatian, czech, danish, dutch, esperanto, estonian, farsi, finnish, french, ga
lician, german, german-x-2013-05-26, greek, gujarati, hindi, hungarian, iceland
ic, indonesian, interlingua, irish, italian, kannada, kurmanji, latin, latvian,
 lithuanian, malayalam, marathi, mongolian, mongolianlmc, monogreek, ngerman, n
german-x-2013-05-26, nynorsk, oriya, panjabi, pinyin, polish, portuguese, roman
ian, russian, sanskrit, serbian, slovak, slovenian, spanish, swedish, swissgerm
an, tamil, telugu, turkish, turkmen, ukenglish, ukrainian, uppersorbian, usengl
ishmax, welsh, loaded.
("E:\Program Files\MiKTeX 2.9\tex\latex\base\article.cls"
Document Class: article 2007/10/19 v1.4h Standard LaTeX document class
("E:\Program Files\MiKTeX 2.9\tex\latex\base\size10.clo"
File: size10.clo 2007/10/19 v1.4h Standard LaTeX file (size option)
)
\c@part=\count79
\c@section=\count80
\c@subsection=\count81
\c@subsubsection=\count82
\c@paragraph=\count83
\c@subparagraph=\count84
\c@figure=\count85
\c@table=\count86
\abovecaptionskip=\skip41
\belowcaptionskip=\skip42
\bibindent=\dimen102
) ("E:\Program Files\MiKTeX 2.9\tex\latex\graphics\graphicx.sty"
Package: graphicx 1999/02/16 v1.0f Enhanced LaTeX Graphics (DPC,SPQR)
("E:\Program Files\MiKTeX 2.9\tex\latex\graphics\keyval.sty"
Package: keyval 1999/03/16 v1.13 key=value parser (DPC)
\KV@toks@=\toks14
) ("E:\Program Files\MiKTeX 2.9\tex\latex\graphics\graphics.sty"
Package: graphics 2009/02/05 v1.0o Standard LaTeX Graphics (DPC,SPQR)
("E:\Program Files\MiKTeX 2.9\tex\latex\graphics\trig.sty"
Package: trig 1999/03/16 v1.09 sin cos tan (DPC)
) ("E:\Program Files\MiKTeX 2.9\tex\latex\00miktex\graphics.cfg"
File: graphics.cfg 2007/01/18 v1.5 graphics configuration of teTeX/TeXLive
)
Package graphics Info: Driver file: pdftex.def on input line 91.
("E:\Program Files\MiKTeX 2.9\tex\latex\pdftex-def\pdftex.def"
File: pdftex.def 2011/05/27 v0.06d Graphics/color for pdfTeX
("E:\Program Files\MiKTeX 2.9\tex\generic\oberdiek\infwarerr.sty"
Package: infwarerr 2010/04/08 v1.3 Providing info/warning/error messages (HO)
) ("E:\Program Files\MiKTeX 2.9\tex\generic\oberdiek\ltxcmds.sty"
Package: ltxcmds 2011/11/09 v1.22 LaTeX kernel commands for general use (HO)
)
\Gread@gobject=\count87
))
\Gin@req@height=\dimen103
\Gin@req@width=\dimen104
) ("E:\Program Files\MiKTeX 2.9\tex\latex\graphics\color.sty"
Package: color 2005/11/14 v1.0j Standard LaTeX Color (DPC)
("E:\Program Files\MiKTeX 2.9\tex\latex\00miktex\color.cfg"
File: color.cfg 2007/01/18 v1.5 color configuration of teTeX/TeXLive
)
Package color Info: Driver file: pdftex.def on input line 130.
) ("E:\Program Files\MiKTeX 2.9\tex\latex\framed\framed.sty"
Package: framed 2011/10/22 v 0.96: framed or shaded text with page breaks
\OuterFrameSep=\skip43
\fb@frw=\dimen105
\fb@frh=\dimen106
\FrameRule=\dimen107
\FrameSep=\dimen108
) ("E:\Program Files\MiKTeX 2.9\tex\latex\base\alltt.sty"
Package: alltt 1997/06/16 v2.0g defines alltt environment
) ("E:\Program Files\MiKTeX 2.9\tex\latex\geometry\geometry.sty"
Package: geometry 2010/09/12 v5.6 Page Geometry
("E:\Program Files\MiKTeX 2.9\tex\generic\oberdiek\ifpdf.sty"
Package: ifpdf 2011/01/30 v2.3 Provides the ifpdf switch (HO)
Package ifpdf Info: pdfTeX in PDF mode is detected.
) ("E:\Program Files\MiKTeX 2.9\tex\generic\oberdiek\ifvtex.sty"
Package: ifvtex 2010/03/01 v1.5 Detect VTeX and its facilities (HO)
Package ifvtex Info: VTeX not detected.
) ("E:\Program Files\MiKTeX 2.9\tex\generic\ifxetex\ifxetex.sty"
Package: ifxetex 2010/09/12 v0.6 Provides ifxetex conditional
)
\Gm@cnth=\count88
\Gm@cntv=\count89
\c@Gm@tempcnt=\count90
\Gm@bindingoffset=\dimen109
\Gm@wd@mp=\dimen110
\Gm@odd@mp=\dimen111
\Gm@even@mp=\dimen112
\Gm@layoutwidth=\dimen113
\Gm@layoutheight=\dimen114
\Gm@layouthoffset=\dimen115
\Gm@layoutvoffset=\dimen116
\Gm@dimlist=\toks15
("E:\Program Files\MiKTeX 2.9\tex\latex\geometry\geometry.cfg")) ("E:\Program F
iles\MiKTeX 2.9\tex\latex\amsmath\amsmath.sty"
Package: amsmath 2013/01/14 v2.14 AMS math features
\@mathmargin=\skip44
For additional information on amsmath, use the `?' option.
("E:\Program Files\MiKTeX 2.9\tex\latex\amsmath\amstext.sty"
Package: amstext 2000/06/29 v2.01
("E:\Program Files\MiKTeX 2.9\tex\latex\amsmath\amsgen.sty"
File: amsgen.sty 1999/11/30 v2.0
\@emptytoks=\toks16
\ex@=\dimen117
)) ("E:\Program Files\MiKTeX 2.9\tex\latex\amsmath\amsbsy.sty"
Package: amsbsy 1999/11/29 v1.2d
\pmbraise@=\dimen118
) ("E:\Program Files\MiKTeX 2.9\tex\latex\amsmath\amsopn.sty"
Package: amsopn 1999/12/14 v2.01 operator names
)
\inf@bad=\count91
LaTeX Info: Redefining \frac on input line 210.
\uproot@=\count92
\leftroot@=\count93
LaTeX Info: Redefining \overline on input line 306.
\classnum@=\count94
\DOTSCASE@=\count95
LaTeX Info: Redefining \ldots on input line 378.
LaTeX Info: Redefining \dots on input line 381.
LaTeX Info: Redefining \cdots on input line 466.
\Mathstrutbox@=\box26
\strutbox@=\box27
\big@size=\dimen119
LaTeX Font Info:    Redeclaring font encoding OML on input line 566.
LaTeX Font Info:    Redeclaring font encoding OMS on input line 567.
\macc@depth=\count96
\c@MaxMatrixCols=\count97
\dotsspace@=\muskip10
\c@parentequation=\count98
\dspbrk@lvl=\count99
\tag@help=\toks17
\row@=\count100
\column@=\count101
\maxfields@=\count102
\andhelp@=\toks18
\eqnshift@=\dimen120
\alignsep@=\dimen121
\tagshift@=\dimen122
\tagwidth@=\dimen123
\totwidth@=\dimen124
\lineht@=\dimen125
\@envbody=\toks19
\multlinegap=\skip45
\multlinetaggap=\skip46
\mathdisplay@stack=\toks20
LaTeX Info: Redefining \[ on input line 2665.
LaTeX Info: Redefining \] on input line 2666.
) ("E:\Program Files\MiKTeX 2.9\tex\latex\amsfonts\amssymb.sty"
Package: amssymb 2013/01/14 v3.01 AMS font symbols
("E:\Program Files\MiKTeX 2.9\tex\latex\amsfonts\amsfonts.sty"
Package: amsfonts 2013/01/14 v3.01 Basic AMSFonts support
\symAMSa=\mathgroup4
\symAMSb=\mathgroup5
LaTeX Font Info:    Overwriting math alphabet `\mathfrak' in version `bold'
(Font)                  U/euf/m/n --> U/euf/b/n on input line 106.
)) ("E:\Program Files\MiKTeX 2.9\tex\latex\setspace\setspace.sty"
Package: setspace 2011/12/19 v6.7a set line spacing
) ("E:\Program Files\MiKTeX 2.9\tex\latex\multirow\multirow.sty"
\bigstrutjot=\dimen126
) ("E:\Program Files\MiKTeX 2.9\tex\latex\float\float.sty"
Package: float 2001/11/08 v1.3d Float enhancements (AL)
\c@float@type=\count103
\float@exts=\toks21
\float@box=\box28
\@float@everytoks=\toks22
\@floatcapt=\box29
) ("E:\Program Files\MiKTeX 2.9\tex\generic\babel\babel.sty"
Package: babel 2008/07/08 v3.8m The Babel package
*************************************
* Local config file bblopts.cfg used
*
("E:\Program Files\MiKTeX 2.9\tex\latex\00miktex\bblopts.cfg"
File: bblopts.cfg 2006/07/31 v1.0 MiKTeX 'babel' configuration
) ("E:\Program Files\MiKTeX 2.9\tex\generic\babel\english.ldf"
Language: english 2005/03/30 v3.3o English support from the babel system
("E:\Program Files\MiKTeX 2.9\tex\generic\babel\babel.def"
File: babel.def 2008/07/08 v3.8m Babel common definitions
\babel@savecnt=\count104
\U@D=\dimen127
)
\l@canadian = a dialect from \language\l@american 
\l@australian = a dialect from \language\l@british 
\l@newzealand = a dialect from \language\l@british 
)) ("E:\Program Files\MiKTeX 2.9\tex\latex\natbib\natbib.sty"
Package: natbib 2010/09/13 8.31b (PWD, AO)
\bibhang=\skip47
\bibsep=\skip48
LaTeX Info: Redefining \cite on input line 694.
\c@NAT@ctr=\count105
) ("E:\Program Files\MiKTeX 2.9\tex\latex\hyperref\hyperref.sty"
Package: hyperref 2012/11/06 v6.83m Hypertext links for LaTeX
("E:\Program Files\MiKTeX 2.9\tex\generic\oberdiek\hobsub-hyperref.sty"
Package: hobsub-hyperref 2012/04/25 v1.12 Bundle oberdiek, subset hyperref (HO)

("E:\Program Files\MiKTeX 2.9\tex\generic\oberdiek\hobsub-generic.sty"
Package: hobsub-generic 2012/04/25 v1.12 Bundle oberdiek, subset generic (HO)
Package: hobsub 2012/04/25 v1.12 Construct package bundles (HO)
Package hobsub Info: Skipping package `infwarerr' (already loaded).
Package hobsub Info: Skipping package `ltxcmds' (already loaded).
Package: ifluatex 2010/03/01 v1.3 Provides the ifluatex switch (HO)
Package ifluatex Info: LuaTeX not detected.
Package hobsub Info: Skipping package `ifvtex' (already loaded).
Package: intcalc 2007/09/27 v1.1 Expandable calculations with integers (HO)
Package hobsub Info: Skipping package `ifpdf' (already loaded).
Package: etexcmds 2011/02/16 v1.5 Avoid name clashes with e-TeX commands (HO)
Package etexcmds Info: Could not find \expanded.
(etexcmds)             That can mean that you are not using pdfTeX 1.50 or
(etexcmds)             that some package has redefined \expanded.
(etexcmds)             In the latter case, load this package earlier.
Package: kvsetkeys 2012/04/25 v1.16 Key value parser (HO)
Package: kvdefinekeys 2011/04/07 v1.3 Define keys (HO)
Package: pdftexcmds 2011/11/29 v0.20 Utility functions of pdfTeX for LuaTeX (HO
)
Package pdftexcmds Info: LuaTeX not detected.
Package pdftexcmds Info: \pdf@primitive is available.
Package pdftexcmds Info: \pdf@ifprimitive is available.
Package pdftexcmds Info: \pdfdraftmode found.
Package: pdfescape 2011/11/25 v1.13 Implements pdfTeX's escape features (HO)
Package: bigintcalc 2012/04/08 v1.3 Expandable calculations on big integers (HO
)
Package: bitset 2011/01/30 v1.1 Handle bit-vector datatype (HO)
Package: uniquecounter 2011/01/30 v1.2 Provide unlimited unique counter (HO)
)
Package hobsub Info: Skipping package `hobsub' (already loaded).
Package: letltxmacro 2010/09/02 v1.4 Let assignment for LaTeX macros (HO)
Package: hopatch 2011/06/24 v1.1 Wrapper for package hooks (HO)
Package: xcolor-patch 2011/01/30 xcolor patch
Package: atveryend 2011/06/30 v1.8 Hooks at the very end of document (HO)
Package atveryend Info: \enddocument detected (standard20110627).
Package: atbegshi 2011/10/05 v1.16 At begin shipout hook (HO)
Package: refcount 2011/10/16 v3.4 Data extraction from label references (HO)
Package: hycolor 2011/01/30 v1.7 Color options for hyperref/bookmark (HO)
) ("E:\Program Files\MiKTeX 2.9\tex\latex\oberdiek\auxhook.sty"
Package: auxhook 2011/03/04 v1.3 Hooks for auxiliary files (HO)
) ("E:\Program Files\MiKTeX 2.9\tex\latex\oberdiek\kvoptions.sty"
Package: kvoptions 2011/06/30 v3.11 Key value format for package options (HO)
)
\@linkdim=\dimen128
\Hy@linkcounter=\count106
\Hy@pagecounter=\count107
("E:\Program Files\MiKTeX 2.9\tex\latex\hyperref\pd1enc.def"
File: pd1enc.def 2012/11/06 v6.83m Hyperref: PDFDocEncoding definition (HO)
)
\Hy@SavedSpaceFactor=\count108
("E:\Program Files\MiKTeX 2.9\tex\latex\00miktex\hyperref.cfg"
File: hyperref.cfg 2002/06/06 v1.2 hyperref configuration of TeXLive
)
Package hyperref Info: Hyper figures OFF on input line 4443.
Package hyperref Info: Link nesting OFF on input line 4448.
Package hyperref Info: Hyper index ON on input line 4451.
Package hyperref Info: Plain pages OFF on input line 4458.
Package hyperref Info: Backreferencing OFF on input line 4463.
Package hyperref Info: Implicit mode ON; LaTeX internals redefined.
Package hyperref Info: Bookmarks ON on input line 4688.
\c@Hy@tempcnt=\count109
("E:\Program Files\MiKTeX 2.9\tex\latex\url\url.sty"
\Urlmuskip=\muskip11
Package: url 2013/09/16  ver 3.4  Verb mode for urls, etc.
)
LaTeX Info: Redefining \url on input line 5041.
\XeTeXLinkMargin=\dimen129
\Fld@menulength=\count110
\Field@Width=\dimen130
\Fld@charsize=\dimen131
Package hyperref Info: Hyper figures OFF on input line 6295.
Package hyperref Info: Link nesting OFF on input line 6300.
Package hyperref Info: Hyper index ON on input line 6303.
Package hyperref Info: backreferencing OFF on input line 6310.
Package hyperref Info: Link coloring OFF on input line 6315.
Package hyperref Info: Link coloring with OCG OFF on input line 6320.
Package hyperref Info: PDF/A mode OFF on input line 6325.
LaTeX Info: Redefining \ref on input line 6365.
LaTeX Info: Redefining \pageref on input line 6369.
\Hy@abspage=\count111
\c@Item=\count112
\c@Hfootnote=\count113
)

Package hyperref Message: Driver (autodetected): hpdftex.

("E:\Program Files\MiKTeX 2.9\tex\latex\hyperref\hpdftex.def"
File: hpdftex.def 2012/11/06 v6.83m Hyperref driver for pdfTeX
\Fld@listcount=\count114
\c@bookmark@seq@number=\count115
("E:\Program Files\MiKTeX 2.9\tex\latex\oberdiek\rerunfilecheck.sty"
Package: rerunfilecheck 2011/04/15 v1.7 Rerun checks for auxiliary files (HO)
Package uniquecounter Info: New unique counter `rerunfilecheck' on input line 2
82.
)
\Hy@SectionHShift=\skip49
)
Package hyperref Info: Option `colorlinks' set `true' on input line 73.

("E:/Program Files/Architect/plugins/eu.openanalytics.architect.r.server.win32.
win32_0.9.3.201307232252/R/share/texmf/tex/latex\upquote.sty"
Package: upquote 2003/08/11 v1.1 Covington's upright-quote modification to verb
atim and verb
("E:\Program Files\MiKTeX 2.9\tex\latex\base\textcomp.sty"
Package: textcomp 2005/09/27 v1.99g Standard LaTeX package
Package textcomp Info: Sub-encoding information:
(textcomp)               5 = only ISO-Adobe without \textcurrency
(textcomp)               4 = 5 + \texteuro
(textcomp)               3 = 4 + \textohm
(textcomp)               2 = 3 + \textestimated + \textcurrency
(textcomp)               1 = TS1 - \textcircled - \t
(textcomp)               0 = TS1 (full)
(textcomp)             Font families with sub-encoding setting implement
(textcomp)             only a restricted character set as indicated.
(textcomp)             Family '?' is the default used for unknown fonts.
(textcomp)             See the documentation for details.
Package textcomp Info: Setting ? sub-encoding to TS1/1 on input line 71.
("E:\Program Files\MiKTeX 2.9\tex\latex\base\ts1enc.def"
File: ts1enc.def 2001/06/05 v3.0e (jk/car/fm) Standard LaTeX file
)
LaTeX Info: Redefining \oldstylenums on input line 266.
Package textcomp Info: Setting cmr sub-encoding to TS1/0 on input line 281.
Package textcomp Info: Setting cmss sub-encoding to TS1/0 on input line 282.
Package textcomp Info: Setting cmtt sub-encoding to TS1/0 on input line 283.
Package textcomp Info: Setting cmvtt sub-encoding to TS1/0 on input line 284.
Package textcomp Info: Setting cmbr sub-encoding to TS1/0 on input line 285.
Package textcomp Info: Setting cmtl sub-encoding to TS1/0 on input line 286.
Package textcomp Info: Setting ccr sub-encoding to TS1/0 on input line 287.
Package textcomp Info: Setting ptm sub-encoding to TS1/4 on input line 288.
Package textcomp Info: Setting pcr sub-encoding to TS1/4 on input line 289.
Package textcomp Info: Setting phv sub-encoding to TS1/4 on input line 290.
Package textcomp Info: Setting ppl sub-encoding to TS1/3 on input line 291.
Package textcomp Info: Setting pag sub-encoding to TS1/4 on input line 292.
Package textcomp Info: Setting pbk sub-encoding to TS1/4 on input line 293.
Package textcomp Info: Setting pnc sub-encoding to TS1/4 on input line 294.
Package textcomp Info: Setting pzc sub-encoding to TS1/4 on input line 295.
Package textcomp Info: Setting bch sub-encoding to TS1/4 on input line 296.
Package textcomp Info: Setting put sub-encoding to TS1/5 on input line 297.
Package textcomp Info: Setting uag sub-encoding to TS1/5 on input line 298.
Package textcomp Info: Setting ugq sub-encoding to TS1/5 on input line 299.
Package textcomp Info: Setting ul8 sub-encoding to TS1/4 on input line 300.
Package textcomp Info: Setting ul9 sub-encoding to TS1/4 on input line 301.
Package textcomp Info: Setting augie sub-encoding to TS1/5 on input line 302.
Package textcomp Info: Setting dayrom sub-encoding to TS1/3 on input line 303.
Package textcomp Info: Setting dayroms sub-encoding to TS1/3 on input line 304.

Package textcomp Info: Setting pxr sub-encoding to TS1/0 on input line 305.
Package textcomp Info: Setting pxss sub-encoding to TS1/0 on input line 306.
Package textcomp Info: Setting pxtt sub-encoding to TS1/0 on input line 307.
Package textcomp Info: Setting txr sub-encoding to TS1/0 on input line 308.
Package textcomp Info: Setting txss sub-encoding to TS1/0 on input line 309.
Package textcomp Info: Setting txtt sub-encoding to TS1/0 on input line 310.
Package textcomp Info: Setting lmr sub-encoding to TS1/0 on input line 311.
Package textcomp Info: Setting lmdh sub-encoding to TS1/0 on input line 312.
Package textcomp Info: Setting lmss sub-encoding to TS1/0 on input line 313.
Package textcomp Info: Setting lmssq sub-encoding to TS1/0 on input line 314.
Package textcomp Info: Setting lmvtt sub-encoding to TS1/0 on input line 315.
Package textcomp Info: Setting qhv sub-encoding to TS1/0 on input line 316.
Package textcomp Info: Setting qag sub-encoding to TS1/0 on input line 317.
Package textcomp Info: Setting qbk sub-encoding to TS1/0 on input line 318.
Package textcomp Info: Setting qcr sub-encoding to TS1/0 on input line 319.
Package textcomp Info: Setting qcs sub-encoding to TS1/0 on input line 320.
Package textcomp Info: Setting qpl sub-encoding to TS1/0 on input line 321.
Package textcomp Info: Setting qtm sub-encoding to TS1/0 on input line 322.
Package textcomp Info: Setting qzc sub-encoding to TS1/0 on input line 323.
Package textcomp Info: Setting qhvc sub-encoding to TS1/0 on input line 324.
Package textcomp Info: Setting futs sub-encoding to TS1/4 on input line 325.
Package textcomp Info: Setting futx sub-encoding to TS1/4 on input line 326.
Package textcomp Info: Setting futj sub-encoding to TS1/4 on input line 327.
Package textcomp Info: Setting hlh sub-encoding to TS1/3 on input line 328.
Package textcomp Info: Setting hls sub-encoding to TS1/3 on input line 329.
Package textcomp Info: Setting hlst sub-encoding to TS1/3 on input line 330.
Package textcomp Info: Setting hlct sub-encoding to TS1/5 on input line 331.
Package textcomp Info: Setting hlx sub-encoding to TS1/5 on input line 332.
Package textcomp Info: Setting hlce sub-encoding to TS1/5 on input line 333.
Package textcomp Info: Setting hlcn sub-encoding to TS1/5 on input line 334.
Package textcomp Info: Setting hlcw sub-encoding to TS1/5 on input line 335.
Package textcomp Info: Setting hlcf sub-encoding to TS1/5 on input line 336.
Package textcomp Info: Setting pplx sub-encoding to TS1/3 on input line 337.
Package textcomp Info: Setting pplj sub-encoding to TS1/3 on input line 338.
Package textcomp Info: Setting ptmx sub-encoding to TS1/4 on input line 339.
Package textcomp Info: Setting ptmj sub-encoding to TS1/4 on input line 340.
))
("E:\StatFiles\CenStat\R Development\GeneralGUI_Template\REST\vignettes\RESTgui
de.aux"

LaTeX Warning: Label `radiobuttons' multiply defined.

)
LaTeX Font Info:    Checking defaults for OML/cmm/m/it on input line 79.
LaTeX Font Info:    ... okay on input line 79.
LaTeX Font Info:    Checking defaults for T1/cmr/m/n on input line 79.
LaTeX Font Info:    ... okay on input line 79.
LaTeX Font Info:    Checking defaults for OT1/cmr/m/n on input line 79.
LaTeX Font Info:    ... okay on input line 79.
LaTeX Font Info:    Checking defaults for OMS/cmsy/m/n on input line 79.
LaTeX Font Info:    ... okay on input line 79.
LaTeX Font Info:    Checking defaults for OMX/cmex/m/n on input line 79.
LaTeX Font Info:    ... okay on input line 79.
LaTeX Font Info:    Checking defaults for U/cmr/m/n on input line 79.
LaTeX Font Info:    ... okay on input line 79.
LaTeX Font Info:    Checking defaults for PD1/pdf/m/n on input line 79.
LaTeX Font Info:    ... okay on input line 79.
LaTeX Font Info:    Checking defaults for TS1/cmr/m/n on input line 79.
LaTeX Font Info:    Try loading font information for TS1+cmr on input line 79.
("E:\Program Files\MiKTeX 2.9\tex\latex\base\ts1cmr.fd"
File: ts1cmr.fd 1999/05/25 v2.5h Standard LaTeX font definitions
)
LaTeX Font Info:    ... okay on input line 79.
("E:\Program Files\MiKTeX 2.9\tex\context\base\supp-pdf.mkii"
[Loading MPS to PDF converter (version 2006.09.02).]
\scratchcounter=\count116
\scratchdimen=\dimen132
\scratchbox=\box30
\nofMPsegments=\count117
\nofMParguments=\count118
\everyMPshowfont=\toks23
\MPscratchCnt=\count119
\MPscratchDim=\dimen133
\MPnumerator=\count120
\makeMPintoPDFobject=\count121
\everyMPtoPDFconversion=\toks24
)
*geometry* driver: auto-detecting
*geometry* detected driver: pdftex
*geometry* verbose mode - [ preamble ] result:
* driver: pdftex
* paper: a4paper
* layout: <same size as paper>
* layoutoffset:(h,v)=(0.0pt,0.0pt)
* modes: 
* h-part:(L,W,R)=(56.9055pt, 483.69687pt, 56.9055pt)
* v-part:(T,H,B)=(56.9055pt, 731.23584pt, 56.9055pt)
* \paperwidth=597.50787pt
* \paperheight=845.04684pt
* \textwidth=483.69687pt
* \textheight=731.23584pt
* \oddsidemargin=-15.36449pt
* \evensidemargin=-15.36449pt
* \topmargin=-52.36449pt
* \headheight=12.0pt
* \headsep=25.0pt
* \topskip=10.0pt
* \footskip=30.0pt
* \marginparwidth=57.0pt
* \marginparsep=11.0pt
* \columnsep=10.0pt
* \skip\footins=9.0pt plus 4.0pt minus 2.0pt
* \hoffset=0.0pt
* \voffset=0.0pt
* \mag=1000
* \@twocolumnfalse
* \@twosidefalse
* \@mparswitchfalse
* \@reversemarginfalse
* (1in=72.27pt=25.4mm, 1cm=28.453pt)

\AtBeginShipoutBox=\box31
Package hyperref Info: Link coloring ON on input line 79.
("E:\Program Files\MiKTeX 2.9\tex\latex\hyperref\nameref.sty"
Package: nameref 2012/10/27 v2.43 Cross-referencing by name of section
("E:\Program Files\MiKTeX 2.9\tex\generic\oberdiek\gettitlestring.sty"
Package: gettitlestring 2010/12/03 v1.4 Cleanup title references (HO)
)
\c@section@level=\count122
)
LaTeX Info: Redefining \ref on input line 79.
LaTeX Info: Redefining \pageref on input line 79.
LaTeX Info: Redefining \nameref on input line 79.

("E:\StatFiles\CenStat\R Development\GeneralGUI_Template\REST\vignettes\RESTgui
de.out")
("E:\StatFiles\CenStat\R Development\GeneralGUI_Template\REST\vignettes\RESTgui
de.out")
\@outlinefile=\write3
LaTeX Font Info:    Try loading font information for U+msa on input line 82.
("E:\Program Files\MiKTeX 2.9\tex\latex\amsfonts\umsa.fd"
File: umsa.fd 2013/01/14 v3.01 AMS symbols A
)
LaTeX Font Info:    Try loading font information for U+msb on input line 82.
("E:\Program Files\MiKTeX 2.9\tex\latex\amsfonts\umsb.fd"
File: umsb.fd 2013/01/14 v3.01 AMS symbols B
)
("E:\StatFiles\CenStat\R Development\GeneralGUI_Template\REST\vignettes\RESTgui
de.toc"
LaTeX Font Info:    Font shape `OT1/cmtt/bx/n' in size <10> not available
(Font)              Font shape `OT1/cmtt/m/n' tried instead on input line 4.
)
\tf@toc=\write4
[1

{C:/ProgramData/MiKTeX/2.9/pdftex/config/pdftex.map}]
Underfull \hbox (badness 10000) in paragraph at lines 85--117

 []


Underfull \hbox (badness 10000) in paragraph at lines 85--117

 []


Underfull \hbox (badness 10000) in paragraph at lines 85--117

 []


Underfull \hbox (badness 10000) in paragraph at lines 121--146

 []


Underfull \hbox (badness 10000) in paragraph at lines 121--146

 []


Underfull \hbox (badness 10000) in paragraph at lines 121--146

 []

<figures/rcmdrwindow.png, id=146, 702.625pt x 844.15375pt>
File: figures/rcmdrwindow.png Graphic file (type png)
<use figures/rcmdrwindow.png>
Package pdftex.def Info: figures/rcmdrwindow.png used on input line 149.
(pdftex.def)             Requested size: 284.52756pt x 341.84175pt.
[2]
LaTeX Font Info:    Font shape `OT1/cmtt/bx/n' in size <14.4> not available
(Font)              Font shape `OT1/cmtt/m/n' tried instead on input line 154.

Underfull \hbox (badness 10000) in paragraph at lines 163--200

 []


Underfull \hbox (badness 10000) in paragraph at lines 163--200

 []

[3 <E:/StatFiles/CenStat/R Development/GeneralGUI_Template/REST/vignettes/figur
es/rcmdrwindow.png>] <figures/examplemenus.png, id=168, 699.61375pt x 156.585pt
>
File: figures/examplemenus.png Graphic file (type png)
<use figures/examplemenus.png>
Package pdftex.def Info: figures/examplemenus.png used on input line 225.
(pdftex.def)             Requested size: 341.43306pt x 76.4191pt.
LaTeX Font Info:    Font shape `OT1/cmtt/bx/n' in size <12> not available
(Font)              Font shape `OT1/cmtt/m/n' tried instead on input line 230.
<figures/rcmdr_datainput.png, id=169, 699.61375pt x 250.9375pt>
File: figures/rcmdr_datainput.png Graphic file (type png)
<use figures/rcmdr_datainput.png>
Package pdftex.def Info: figures/rcmdr_datainput.png used on input line 251.
(pdftex.def)             Requested size: 256.0748pt x 91.84987pt.
<figures/rcmdr_activedataset.png, id=170, 461.725pt x 278.03876pt>
File: figures/rcmdr_activedataset.png Graphic file (type png)
<use figures/rcmdr_activedataset.png>
Package pdftex.def Info: figures/rcmdr_activedataset.png used on input line 256
.
(pdftex.def)             Requested size: 256.0748pt x 154.20302pt.
[4 <E:/StatFiles/CenStat/R Development/GeneralGUI_Template/REST/vignettes/figur
es/examplemenus.png> <E:/StatFiles/CenStat/R Development/GeneralGUI_Template/RE
ST/vignettes/figures/rcmdr_datainput.png>]
Package color Info: Redefining color shadecolor on input line 281.
LaTeX Font Info:    Try loading font information for OMS+cmtt on input line 283
.

("E:/Program Files/Architect/plugins/eu.openanalytics.architect.r.server.win32.
win32_0.9.3.201307232252/R/share/texmf/tex/latex\omscmtt.fd"
File: omscmtt.fd 
)
LaTeX Font Info:    Font shape `OMS/cmtt/m/n' in size <10> not available
(Font)              Font shape `OMS/cmsy/m/n' tried instead on input line 283.
[5 <E:/StatFiles/CenStat/R Development/GeneralGUI_Template/REST/vignettes/figur
es/rcmdr_activedataset.png>] <figures/optionalgrid.png, id=191, 449.68pt x 209.
78375pt>
File: figures/optionalgrid.png Graphic file (type png)
<use figures/optionalgrid.png>
Package pdftex.def Info: figures/optionalgrid.png used on input line 350.
(pdftex.def)             Requested size: 256.0748pt x 119.46913pt.
[6 <E:/StatFiles/CenStat/R Development/GeneralGUI_Template/REST/vignettes/figur
es/optionalgrid.png>] <figures/3steps.png, id=199, 910.40125pt x 561.09625pt>
File: figures/3steps.png Graphic file (type png)
<use figures/3steps.png>
Package pdftex.def Info: figures/3steps.png used on input line 387.
(pdftex.def)             Requested size: 483.69687pt x 298.11589pt.
Package color Info: Redefining color shadecolor on input line 393.

Underfull \hbox (badness 10000) in paragraph at lines 416--425

 []

[7 <E:/StatFiles/CenStat/R Development/GeneralGUI_Template/REST/vignettes/figur
es/3steps.png>]
Package color Info: Redefining color shadecolor on input line 469.

Underfull \hbox (badness 10000) in paragraph at lines 432--469

 []


Underfull \hbox (badness 10000) in paragraph at lines 432--469

 []


Overfull \hbox (9.79883pt too wide) in paragraph at lines 485--485
[]                []\OT1/cmtt/m/n/10 usetabs[][]=usetabs,[][]tabnames[][]=tabna
mes,[][]grid.config[][]=grid.config,[][]grid.rows[][]=grid.rows,[][] 
 []

[8] <figures/title_border.png, id=216, 451.6875pt x 180.675pt>
File: figures/title_border.png Graphic file (type png)
<use figures/title_border.png>
Package pdftex.def Info: figures/title_border.png used on input line 511.
(pdftex.def)             Requested size: 225.84319pt x 90.33727pt.
<figures/entryfields.png, id=217, 751.80875pt x 384.43625pt>
File: figures/entryfields.png Graphic file (type png)
<use figures/entryfields.png>
Package pdftex.def Info: figures/entryfields.png used on input line 525.
(pdftex.def)             Requested size: 375.90344pt x 192.21765pt.
LaTeX Font Info:    Try loading font information for TS1+cmtt on input line 538
.
("E:\Program Files\MiKTeX 2.9\tex\latex\base\ts1cmtt.fd"
File: ts1cmtt.fd 1999/05/25 v2.5h Standard LaTeX font definitions
) <figures/checkboxes.png, id=219, 678.535pt x 344.28625pt>
File: figures/checkboxes.png Graphic file (type png)
<use figures/checkboxes.png>
Package pdftex.def Info: figures/checkboxes.png used on input line 556.
(pdftex.def)             Requested size: 339.26666pt x 172.1427pt.
[9 <E:/StatFiles/CenStat/R Development/GeneralGUI_Template/REST/vignettes/figur
es/title_border.png> <E:/StatFiles/CenStat/R Development/GeneralGUI_Template/RE
ST/vignettes/figures/entryfields.png>] <figures/radiobuttons.png, id=229, 729.7
2626pt x 405.515pt>
File: figures/radiobuttons.png Graphic file (type png)
<use figures/radiobuttons.png>
Package pdftex.def Info: figures/radiobuttons.png used on input line 580.
(pdftex.def)             Requested size: 364.86224pt x 202.75699pt.
[10 <E:/StatFiles/CenStat/R Development/GeneralGUI_Template/REST/vignettes/figu
res/checkboxes.png> <E:/StatFiles/CenStat/R Development/GeneralGUI_Template/RES
T/vignettes/figures/radiobuttons.png>] <figures/slider.png, id=238, 819.06pt x 
412.54124pt>
File: figures/slider.png Graphic file (type png)
<use figures/slider.png>
Package pdftex.def Info: figures/slider.png used on input line 612.
(pdftex.def)             Requested size: 409.52899pt x 206.27011pt.
<figures/spinboxes.png, id=239, 715.67375pt x 413.545pt>
File: figures/spinboxes.png Graphic file (type png)
<use figures/spinboxes.png>
Package pdftex.def Info: figures/spinboxes.png used on input line 644.
(pdftex.def)             Requested size: 357.836pt x 206.77199pt.
[11 <E:/StatFiles/CenStat/R Development/GeneralGUI_Template/REST/vignettes/figu
res/slider.png>] <figures/manualbutton.png, id=246, 741.77126pt x 516.93124pt>
File: figures/manualbutton.png Graphic file (type png)
<use figures/manualbutton.png>
Package pdftex.def Info: figures/manualbutton.png used on input line 677.
(pdftex.def)             Requested size: 370.88472pt x 258.46498pt.
[12 <E:/StatFiles/CenStat/R Development/GeneralGUI_Template/REST/vignettes/figu
res/spinboxes.png>] [13 <E:/StatFiles/CenStat/R Development/GeneralGUI_Template
/REST/vignettes/figures/manualbutton.png>] <figures/manualbutton_showsave.png, 
id=264, 803.0pt x 156.585pt>
File: figures/manualbutton_showsave.png Graphic file (type png)
<use figures/manualbutton_showsave.png>
Package pdftex.def Info: figures/manualbutton_showsave.png used on input line 7
33.
(pdftex.def)             Requested size: 401.49902pt x 78.2923pt.
Package color Info: Redefining color shadecolor on input line 745.
<figures/plaidbuilding.png, id=266, 1380.15625pt x 1049.9225pt>
File: figures/plaidbuilding.png Graphic file (type png)
<use figures/plaidbuilding.png>
Package pdftex.def Info: figures/plaidbuilding.png used on input line 788.
(pdftex.def)             Requested size: 483.69687pt x 367.959pt.
[14 <E:/StatFiles/CenStat/R Development/GeneralGUI_Template/REST/vignettes/figu
res/manualbutton_showsave.png>]
Package color Info: Redefining color shadecolor on input line 798.
[15 <E:/StatFiles/CenStat/R Development/GeneralGUI_Template/REST/vignettes/figu
res/plaidbuilding.png>]
Underfull \hbox (badness 10000) in paragraph at lines 855--861

 []

Package color Info: Redefining color shadecolor on input line 879.
<figures/doitandprint_example.png, id=280, 699.61375pt x 531.9875pt>
File: figures/doitandprint_example.png Graphic file (type png)
<use figures/doitandprint_example.png>
Package pdftex.def Info: figures/doitandprint_example.png used on input line 89
7.
(pdftex.def)             Requested size: 284.52756pt x 216.3548pt.
[16] [17 <E:/StatFiles/CenStat/R Development/GeneralGUI_Template/REST/vignettes
/figures/doitandprint_example.png>] <figures/saveGUI.png, id=296, 846.16125pt x
 565.11125pt>
File: figures/saveGUI.png Graphic file (type png)
<use figures/saveGUI.png>
Package pdftex.def Info: figures/saveGUI.png used on input line 919.
(pdftex.def)             Requested size: 256.0748pt x 171.0178pt.

Underfull \hbox (badness 10000) in paragraph at lines 912--921

 []


Underfull \hbox (badness 10000) in paragraph at lines 924--927

 []

<figures/loadGUI.png, id=298, 846.16125pt x 516.93124pt>
File: figures/loadGUI.png Graphic file (type png)
<use figures/loadGUI.png>
Package pdftex.def Info: figures/loadGUI.png used on input line 930.
(pdftex.def)             Requested size: 256.0748pt x 156.43726pt.
[18 <E:/StatFiles/CenStat/R Development/GeneralGUI_Template/REST/vignettes/figu
res/saveGUI.png> <E:/StatFiles/CenStat/R Development/GeneralGUI_Template/REST/v
ignettes/figures/loadGUI.png>]
("E:\StatFiles\CenStat\R Development\GeneralGUI_Template\REST\vignettes\RESTgui
de.bbl") [19] [20] [21] [22] [23] [24] [25] [26]
Package atveryend Info: Empty hook `BeforeClearDocument' on input line 1386.
[27]
Package atveryend Info: Empty hook `AfterLastShipout' on input line 1386.

("E:\StatFiles\CenStat\R Development\GeneralGUI_Template\REST\vignettes\RESTgui
de.aux")
Package atveryend Info: Executing hook `AtVeryEndDocument' on input line 1386.
Package atveryend Info: Executing hook `AtEndAfterFileList' on input line 1386.

Package rerunfilecheck Info: File `RESTguide.out' has not changed.
(rerunfilecheck)             Checksum: 926C36E50CA86715869977A6C8E774BA;1688.

LaTeX Warning: There were multiply-defined labels.

Package atveryend Info: Empty hook `AtVeryVeryEnd' on input line 1386.
 ) 
Here is how much of TeX's memory you used:
 7816 strings out of 493921
 113393 string characters out of 3147270
 202420 words of memory out of 3000000
 10880 multiletter control sequences out of 15000+200000
 13323 words of font info for 53 fonts, out of 3000000 for 9000
 841 hyphenation exceptions out of 8191
 29i,8n,32p,367b,457s stack positions out of 5000i,500n,10000p,200000b,50000s
{E:/Program Files/MiKTeX 2.9/fonts/enc/dvips/cm-super/cm-super-ts1.enc}<E:/Pr
ogram Files/MiKTeX 2.9/fonts/type1/public/amsfonts/cm/cmbx10.pfb><E:/Program Fi
les/MiKTeX 2.9/fonts/type1/public/amsfonts/cm/cmbx12.pfb><E:/Program Files/MiKT
eX 2.9/fonts/type1/public/amsfonts/cm/cmitt10.pfb><E:/Program Files/MiKTeX 2.9/
fonts/type1/public/amsfonts/cm/cmr10.pfb><E:/Program Files/MiKTeX 2.9/fonts/typ
e1/public/amsfonts/cm/cmr12.pfb><E:/Program Files/MiKTeX 2.9/fonts/type1/public
/amsfonts/cm/cmr17.pfb><E:/Program Files/MiKTeX 2.9/fonts/type1/public/amsfonts
/cm/cmsy10.pfb><E:/Program Files/MiKTeX 2.9/fonts/type1/public/amsfonts/cm/cmti
10.pfb><E:/Program Files/MiKTeX 2.9/fonts/type1/public/amsfonts/cm/cmtt10.pfb><
E:/Program Files/MiKTeX 2.9/fonts/type1/public/amsfonts/cm/cmtt12.pfb><E:/Progr
am Files/MiKTeX 2.9/fonts/type1/public/amsfonts/cm/cmtt8.pfb><E:/Program Files/
MiKTeX 2.9/fonts/type1/public/cm-super/sfrm1000.pfb><E:/Program Files/MiKTeX 2.
9/fonts/type1/public/cm-super/sftt1000.pfb>
Output written on RESTguide.pdf (27 pages, 1250460 bytes).
PDF statistics:
 409 PDF objects out of 1000 (max. 8388607)
 85 named destinations out of 1000 (max. 500000)
 291 words of extra memory for PDF output out of 10000 (max. 10000000)

